<?xml version="1.0" encoding="UTF-8"?>
<!-- Generated by org.testng.reporters.JUnitReportReporter -->
<testsuite hostname="DESKTOP-VIIGL0A" failures="0" tests="1" name="Test.ParametersTest" time="0.095" errors="0" timestamp="27 Jul 2021 03:02:16 GMT" skipped="0">
  <testcase classname="Test.ParametersTest" name="login" time="0.095"/>
</testsuite> <!-- Test.ParametersTest -->
