<?xml version="1.0" encoding="UTF-8"?>
<!-- Generated by org.testng.reporters.JUnitReportReporter -->
<testsuite hostname="DESKTOP-VIIGL0A" failures="0" tests="9" name="Test.ParallelTest" time="0.027" errors="0" timestamp="28 Jul 2021 03:39:55 GMT" skipped="0">
  <testcase classname="Test.ParallelTest" name="test4" time="0.001"/>
  <testcase classname="Test.ParallelTest" name="test3" time="0.001"/>
  <testcase classname="Test.ParallelTest" name="test1" time="0.007"/>
  <testcase classname="Test.ParallelTest" name="test2" time="0.001"/>
  <testcase classname="Test.ParallelTest" name="test1" time="0.003"/>
  <testcase classname="Test.ParallelTest" name="test1" time="0.002"/>
  <testcase classname="Test.ParallelTest" name="test1" time="0.006"/>
  <testcase classname="Test.ParallelTest" name="test1" time="0.005"/>
  <testcase classname="Test.ParallelTest" name="test1" time="0.001"/>
</testsuite> <!-- Test.ParallelTest -->
