<?xml version="1.0" encoding="UTF-8"?>
<!-- Generated by org.testng.reporters.JUnitReportReporter -->
<testsuite hostname="DESKTOP-VIIGL0A" failures="0" tests="3" name="Test.ExpectedExceptionTest" time="0.002" errors="0" timestamp="28 Jul 2021 03:39:55 GMT" skipped="0">
  <testcase classname="Test.ExpectedExceptionTest" name="exceptionTest3" time="0.001"/>
  <testcase classname="Test.ExpectedExceptionTest" name="exceptionTest1" time="0.000"/>
  <testcase classname="Test.ExpectedExceptionTest" name="exceptionTest2" time="0.001"/>
</testsuite> <!-- Test.ExpectedExceptionTest -->
