<?xml version="1.0" encoding="UTF-8"?>
<!-- Generated by org.testng.reporters.JUnitReportReporter -->
<testsuite hostname="DESKTOP-VIIGL0A" failures="0" tests="1" name="Test.ParameterBatch15Test" time="0.011" errors="0" timestamp="27 Jul 2021 13:56:32 GMT" skipped="0">
  <testcase classname="Test.ParameterBatch15Test" name="login" time="0.011"/>
</testsuite> <!-- Test.ParameterBatch15Test -->
