<?xml version="1.0" encoding="UTF-8"?>
<!-- Generated by org.testng.reporters.JUnitReportReporter -->
<testsuite hostname="DESKTOP-VIIGL0A" failures="0" tests="5" name="Test.Priorities" time="0.010" errors="0" timestamp="28 Jul 2021 03:39:55 GMT" skipped="0">
  <testcase classname="Test.Priorities" name="abc" time="0.005"/>
  <testcase classname="Test.Priorities" name="bcd" time="0.002"/>
  <testcase classname="Test.Priorities" name="lnt" time="0.001"/>
  <testcase classname="Test.Priorities" name="nms" time="0.001"/>
  <testcase classname="Test.Priorities" name="xyz" time="0.001"/>
</testsuite> <!-- Test.Priorities -->
