<?xml version="1.0" encoding="UTF-8"?>
<!-- Generated by org.testng.reporters.JUnitReportReporter -->
<testsuite hostname="DESKTOP-VIIGL0A" failures="0" tests="4" name="Test.GroupsTest" time="0.003" errors="0" timestamp="28 Jul 2021 03:39:55 GMT" skipped="0">
  <testcase classname="Test.GroupsTest" name="div" time="0.001"/>
  <testcase classname="Test.GroupsTest" name="add" time="0.001"/>
  <testcase classname="Test.GroupsTest" name="mul" time="0.000"/>
  <testcase classname="Test.GroupsTest" name="sub" time="0.001"/>
</testsuite> <!-- Test.GroupsTest -->
