<?xml version="1.0" encoding="UTF-8"?>
<!-- Generated by org.testng.reporters.JUnitReportReporter -->
<testsuite hostname="DESKTOP-VIIGL0A" failures="0" tests="4" name="Test.EnableTestt" time="0.011" errors="0" timestamp="28 Jul 2021 03:39:55 GMT" skipped="0">
  <testcase classname="Test.EnableTestt" name="test4" time="0.006"/>
  <testcase classname="Test.EnableTestt" name="test1" time="0.001"/>
  <testcase classname="Test.EnableTestt" name="test2" time="0.003"/>
  <testcase classname="Test.EnableTestt" name="test3" time="0.001"/>
</testsuite> <!-- Test.EnableTestt -->
