<?xml version="1.0" encoding="UTF-8"?>
<!-- Generated by org.testng.reporters.JUnitReportReporter -->
<testsuite hostname="DESKTOP-VIIGL0A" failures="0" tests="2" name="Test.TestNgTest1" time="0.004" errors="0" timestamp="28 Jul 2021 03:39:55 GMT" skipped="0">
  <testcase classname="Test.TestNgTest1" name="testcase1" time="0.001"/>
  <testcase classname="Test.TestNgTest1" name="testcase2" time="0.003"/>
</testsuite> <!-- Test.TestNgTest1 -->
