<?xml version="1.0" encoding="UTF-8"?>
<!-- Generated by org.testng.reporters.JUnitReportReporter -->
<testsuite hostname="DESKTOP-VIIGL0A" failures="0" tests="6" name="Test.InvocationCountTest" time="0.010" errors="0" timestamp="28 Jul 2021 03:39:55 GMT" skipped="0">
  <testcase classname="Test.InvocationCountTest" name="ivocationMethod2" time="0.002"/>
  <testcase classname="Test.InvocationCountTest" name="ivocationMethod2" time="0.001"/>
  <testcase classname="Test.InvocationCountTest" name="ivocationMethod" time="0.004"/>
  <testcase classname="Test.InvocationCountTest" name="ivocationMethod2" time="0.001"/>
  <testcase classname="Test.InvocationCountTest" name="ivocationMethod2" time="0.001"/>
  <testcase classname="Test.InvocationCountTest" name="ivocationMethod2" time="0.001"/>
</testsuite> <!-- Test.InvocationCountTest -->
