<?xml version="1.0" encoding="UTF-8"?>
<!-- Generated by org.testng.reporters.JUnitReportReporter -->
<testsuite hostname="DESKTOP-VIIGL0A" failures="0" tests="2" name="TestNgTest1" time="0.014" errors="0" timestamp="25 Jul 2021 03:26:33 GMT" skipped="0">
  <testcase classname="TestNgTest1" name="testcase1" time="0.009"/>
  <testcase classname="TestNgTest1" name="testcase2" time="0.005"/>
</testsuite> <!-- TestNgTest1 -->
